<?xml version="1.0" encoding="UTF-8"?>
<testsuite name="com.youngsu.fieldshare.SyncStatusDocumentCountTest" tests="2" skipped="0" failures="0" errors="0" timestamp="2026-09-20T02:38:22.382Z" hostname="BOCTOK-PC" time="0.002">
  <properties/>
  <testcase name="activeDocumentCountLabel_showsPlaceholderWhileLoadingOrUnavailable" classname="com.youngsu.fieldshare.SyncStatusDocumentCountTest" time="0.0"/>
  <testcase name="activeDocumentCountLabel_showsTheServerCount" classname="com.youngsu.fieldshare.SyncStatusDocumentCountTest" time="0.002"/>
  <system-out><![CDATA[]]></system-out>
  <system-err><![CDATA[]]></system-err>
</testsuite>
