<?xml version="1.0" encoding="UTF-8"?>
<testsuite name="com.youngsu.fieldshare.UserProfileValidationTest" tests="2" skipped="0" failures="0" errors="0" timestamp="2026-09-20T01:38:35.920Z" hostname="BOCTOK-PC" time="0.002">
  <properties/>
  <testcase name="normalize_trimsValidDisplayName" classname="com.youngsu.fieldshare.UserProfileValidationTest" time="0.001"/>
  <testcase name="normalize_rejectsBlankAndTooLongDisplayNames" classname="com.youngsu.fieldshare.UserProfileValidationTest" time="0.001"/>
  <system-out><![CDATA[]]></system-out>
  <system-err><![CDATA[]]></system-err>
</testsuite>
