<?xml version="1.0" encoding="UTF-8"?>
<testsuite name="com.youngsu.fieldshare.PendingDeletionVisibilityTest" tests="1" skipped="0" failures="0" errors="0" timestamp="2026-09-20T02:19:16.978Z" hostname="BOCTOK-PC" time="0.003">
  <properties/>
  <testcase name="hidePendingDeletionDocuments_excludesLocallyMarkedDocumentImmediately" classname="com.youngsu.fieldshare.PendingDeletionVisibilityTest" time="0.003"/>
  <system-out><![CDATA[]]></system-out>
  <system-err><![CDATA[]]></system-err>
</testsuite>
