<?xml version="1.0" encoding="UTF-8"?>
<testsuite name="com.youngsu.fieldshare.DocumentRegistrationDateTest" tests="7" skipped="0" failures="0" errors="0" timestamp="2026-09-20T09:58:25.630Z" hostname="BOCTOK-PC" time="0.067">
  <properties/>
  <testcase name="allMode_includesOldAndLegacyDocumentsWithoutCreatedAt" classname="com.youngsu.fieldshare.DocumentRegistrationDateTest" time="0.036"/>
  <testcase name="registrationDate_usesKoreanReadableFormatAndHandlesMissingTimestamp" classname="com.youngsu.fieldshare.DocumentRegistrationDateTest" time="0.012"/>
  <testcase name="recentActivityWindow_includesExactThirtyDayBoundaryOnly" classname="com.youngsu.fieldshare.DocumentRegistrationDateTest" time="0.004"/>
  <testcase name="allMode_sortsDocumentWithTimestampBeforeLegacyDocumentWithoutTimestamp" classname="com.youngsu.fieldshare.DocumentRegistrationDateTest" time="0.001"/>
  <testcase name="activityDate_formatsTheCreatedTimeInKoreaAsMonthAndDay" classname="com.youngsu.fieldshare.DocumentRegistrationDateTest" time="0.012"/>
  <testcase name="recentActivitiesForDisplay_includesActivityCreatedAfterListenerStarted" classname="com.youngsu.fieldshare.DocumentRegistrationDateTest" time="0.0"/>
  <testcase name="activityDate_keepsTheSafeFallbackWhenServerTimeIsUnavailable" classname="com.youngsu.fieldshare.DocumentRegistrationDateTest" time="0.0"/>
  <system-out><![CDATA[]]></system-out>
  <system-err><![CDATA[]]></system-err>
</testsuite>
