<?xml version="1.0" encoding="UTF-8"?>
<testsuite name="com.youngsu.fieldshare.ImageDocumentContentTest" tests="4" skipped="0" failures="0" errors="0" timestamp="2026-08-31T05:17:11.933Z" hostname="BOCTOK-PC" time="0.001">
  <properties/>
  <testcase name="canEditDocumentText_allowsTextDocumentsAndImagesWithVisibleTextOnly" classname="com.youngsu.fieldshare.ImageDocumentContentTest" time="0.0"/>
  <testcase name="contentForDocumentSave_keepsTextDocumentFallback" classname="com.youngsu.fieldshare.ImageDocumentContentTest" time="0.001"/>
  <testcase name="contentForDocumentSave_keepsImageContentEnteredByUser" classname="com.youngsu.fieldshare.ImageDocumentContentTest" time="0.0"/>
  <testcase name="imageContentForDetail_hidesLegacyPlaceholderAndBlankContent" classname="com.youngsu.fieldshare.ImageDocumentContentTest" time="0.0"/>
  <system-out><![CDATA[]]></system-out>
  <system-err><![CDATA[]]></system-err>
</testsuite>
