<?xml version="1.0" encoding="UTF-8"?>
<testsuite name="com.youngsu.fieldshare.DocumentRegistrationDateTest" tests="7" skipped="0" failures="0" errors="0" timestamp="2026-09-20T02:38:21.226Z" hostname="BOCTOK-PC" time="0.101">
  <properties/>
  <testcase name="allMode_includesOldAndLegacyDocumentsWithoutCreatedAt" classname="com.youngsu.fieldshare.DocumentRegistrationDateTest" time="0.03"/>
  <testcase name="registrationDate_usesKoreanReadableFormatAndHandlesMissingTimestamp" classname="com.youngsu.fieldshare.DocumentRegistrationDateTest" time="0.025"/>
  <testcase name="recentActivityWindow_includesExactThirtyDayBoundaryOnly" classname="com.youngsu.fieldshare.DocumentRegistrationDateTest" time="0.008"/>
  <testcase name="allMode_sortsDocumentWithTimestampBeforeLegacyDocumentWithoutTimestamp" classname="com.youngsu.fieldshare.DocumentRegistrationDateTest" time="0.01"/>
  <testcase name="activityDate_formatsTheCreatedTimeInKoreaAsMonthAndDay" classname="com.youngsu.fieldshare.DocumentRegistrationDateTest" time="0.024"/>
  <testcase name="recentActivitiesForDisplay_includesActivityCreatedAfterListenerStarted" classname="com.youngsu.fieldshare.DocumentRegistrationDateTest" time="0.0"/>
  <testcase name="activityDate_keepsTheSafeFallbackWhenServerTimeIsUnavailable" classname="com.youngsu.fieldshare.DocumentRegistrationDateTest" time="0.0"/>
  <system-out><![CDATA[]]></system-out>
  <system-err><![CDATA[]]></system-err>
</testsuite>
