<?xml version="1.0" encoding="UTF-8"?>
<testsuite name="com.youngsu.fieldshare.PendingDeletionVisibilityTest" tests="1" skipped="0" failures="0" errors="0" timestamp="2026-08-31T05:17:11.960Z" hostname="BOCTOK-PC" time="0.002">
  <properties/>
  <testcase name="hidePendingDeletionDocuments_excludesLocallyMarkedDocumentImmediately" classname="com.youngsu.fieldshare.PendingDeletionVisibilityTest" time="0.002"/>
  <system-out><![CDATA[]]></system-out>
  <system-err><![CDATA[]]></system-err>
</testsuite>
