<?xml version="1.0" encoding="UTF-8"?>
<testsuite name="com.youngsu.fieldshare.PendingNotificationCleanupTest" tests="2" skipped="0" failures="0" errors="0" timestamp="2026-09-20T02:38:21.523Z" hostname="BOCTOK-PC" time="0.01">
  <properties/>
  <testcase name="cleanupIdentifiers_areOnlyDiscardedAfterBothCleanupOperationsSucceed" classname="com.youngsu.fieldshare.PendingNotificationCleanupTest" time="0.01"/>
  <testcase name="remoteFailure_keepsUidAndInstallationIdAfterTokenDeletionSucceeds" classname="com.youngsu.fieldshare.PendingNotificationCleanupTest" time="0.0"/>
  <system-out><![CDATA[]]></system-out>
  <system-err><![CDATA[]]></system-err>
</testsuite>
