<?xml version="1.0" encoding="UTF-8"?>
<testsuite name="com.youngsu.fieldshare.NotificationSafetyTest" tests="3" skipped="0" failures="0" errors="0" timestamp="2026-09-20T02:38:21.425Z" hostname="BOCTOK-PC" time="0.037">
  <properties/>
  <testcase name="freshInstallDefaultsOnWhileExistingExplicitChoiceAndPermissionStateRemainSeparate" classname="com.youngsu.fieldshare.NotificationSafetyTest" time="0.005"/>
  <testcase name="notificationPreferences_areExcludedFromCloudBackupAndDeviceTransfer" classname="com.youngsu.fieldshare.NotificationSafetyTest" time="0.032"/>
  <testcase name="fcmToken_isStoredOnlyForAnOptedInAuthorizedSignedInUser" classname="com.youngsu.fieldshare.NotificationSafetyTest" time="0.0"/>
  <system-out><![CDATA[]]></system-out>
  <system-err><![CDATA[]]></system-err>
</testsuite>
