<?xml version="1.0" encoding="UTF-8"?>
<testsuite name="com.youngsu.fieldshare.PendingNotificationCleanupTest" tests="2" skipped="0" failures="0" errors="0" timestamp="2026-09-20T01:38:35.224Z" hostname="BOCTOK-PC" time="0.002">
  <properties/>
  <testcase name="cleanupIdentifiers_areOnlyDiscardedAfterBothCleanupOperationsSucceed" classname="com.youngsu.fieldshare.PendingNotificationCleanupTest" time="0.002"/>
  <testcase name="remoteFailure_keepsUidAndInstallationIdAfterTokenDeletionSucceeds" classname="com.youngsu.fieldshare.PendingNotificationCleanupTest" time="0.0"/>
  <system-out><![CDATA[]]></system-out>
  <system-err><![CDATA[]]></system-err>
</testsuite>
