<?xml version="1.0" encoding="UTF-8"?>
<testsuite name="com.youngsu.fieldshare.OcrTitleCandidateTest" tests="5" skipped="0" failures="0" errors="0" timestamp="2026-09-02T13:06:57.091Z" hostname="BOCTOK-PC" time="0.011">
  <properties/>
  <testcase name="selectOcrTitleCandidate_truncatesLongTitleNaturally" classname="com.youngsu.fieldshare.OcrTitleCandidateTest" time="0.01"/>
  <testcase name="selectOcrTitleCandidate_returnsNullForBlankOcr" classname="com.youngsu.fieldshare.OcrTitleCandidateTest" time="0.0"/>
  <testcase name="selectOcrTitleCandidate_usesTopTextFromFirstImage" classname="com.youngsu.fieldshare.OcrTitleCandidateTest" time="0.001"/>
  <testcase name="autoTitleIfEligible_doesNotOverwriteUserTitle" classname="com.youngsu.fieldshare.OcrTitleCandidateTest" time="0.0"/>
  <testcase name="selectOcrTitleCandidate_ignoresLaterImages" classname="com.youngsu.fieldshare.OcrTitleCandidateTest" time="0.0"/>
  <system-out><![CDATA[]]></system-out>
  <system-err><![CDATA[]]></system-err>
</testsuite>
